  [1m[35m (1.0ms)[0m  [1m[34mSELECT sqlite_version(*)[0m
Started GET "/" for ::1 at 2021-10-02 18:19:02 -0600
  [1m[35m (0.5ms)[0m  [1m[34mSELECT sqlite_version(*)[0m
Processing by Rails::WelcomeController#index as HTML
  Rendering /Users/dakotamiller/.gem/ruby/2.7.3/gems/railties-6.1.4.1/lib/rails/templates/rails/welcome/index.html.erb
  Rendered /Users/dakotamiller/.gem/ruby/2.7.3/gems/railties-6.1.4.1/lib/rails/templates/rails/welcome/index.html.erb (Duration: 4.6ms | Allocations: 441)
Completed 200 OK in 14ms (Views: 7.8ms | ActiveRecord: 0.0ms | Allocations: 3596)


Started GET "/" for ::1 at 2021-10-02 18:19:03 -0600
Processing by Rails::WelcomeController#index as HTML
  Rendering /Users/dakotamiller/.gem/ruby/2.7.3/gems/railties-6.1.4.1/lib/rails/templates/rails/welcome/index.html.erb
  Rendered /Users/dakotamiller/.gem/ruby/2.7.3/gems/railties-6.1.4.1/lib/rails/templates/rails/welcome/index.html.erb (Duration: 5.8ms | Allocations: 215)
Completed 200 OK in 10ms (Views: 9.0ms | ActiveRecord: 0.0ms | Allocations: 828)


Started GET "/say/hello" for ::1 at 2021-10-02 18:22:57 -0600
  [1m[35m (0.4ms)[0m  [1m[34mSELECT sqlite_version(*)[0m
Processing by SayController#hello as HTML
  Rendering layout layouts/application.html.erb
  Rendering say/hello.html.erb within layouts/application
  Rendered say/hello.html.erb within layouts/application (Duration: 0.5ms | Allocations: 220)
[Webpacker] Compiling...
[Webpacker] Compiled all packs in /Users/dakotamiller/Documents/Code/RubyRails/work/public/packs
[Webpacker] Hash: e2a8a876c5815bee1e21
Version: webpack 4.46.0
Time: 704ms
Built at: 10/02/2021 6:22:59 PM
                                     Asset       Size       Chunks                         Chunk Names
    js/application-e421b4aa3f716bebdab1.js    125 KiB  application  [emitted] [immutable]  application
js/application-e421b4aa3f716bebdab1.js.map    139 KiB  application  [emitted] [dev]        application
                             manifest.json  364 bytes               [emitted]              
Entrypoint application = js/application-e421b4aa3f716bebdab1.js js/application-e421b4aa3f716bebdab1.js.map
[./app/javascript/channels sync recursive _channel\.js$] ./app/javascript/channels sync _channel\.js$ 160 bytes {application} [built]
[./app/javascript/channels/index.js] 211 bytes {application} [built]
[./app/javascript/packs/application.js] 492 bytes {application} [built]
[./node_modules/webpack/buildin/module.js] (webpack)/buildin/module.js 552 bytes {application} [built]
    + 3 hidden modules

  Rendered layout layouts/application.html.erb (Duration: 1864.6ms | Allocations: 17898)
Completed 200 OK in 1870ms (Views: 1866.1ms | ActiveRecord: 0.0ms | Allocations: 20428)


Started GET "/say/hello" for ::1 at 2021-10-02 18:23:56 -0600
Processing by SayController#hello as HTML
  Rendering layout layouts/application.html.erb
  Rendering say/hello.html.erb within layouts/application
  Rendered say/hello.html.erb within layouts/application (Duration: 1.1ms | Allocations: 111)
[Webpacker] Everything's up-to-date. Nothing to do
  Rendered layout layouts/application.html.erb (Duration: 26.9ms | Allocations: 3816)
Completed 200 OK in 32ms (Views: 30.8ms | ActiveRecord: 0.0ms | Allocations: 4907)


Started GET "/say/hello" for ::1 at 2021-10-02 18:25:20 -0600
Processing by SayController#hello as HTML
  Rendering layout layouts/application.html.erb
  Rendering say/hello.html.erb within layouts/application
  Rendered say/hello.html.erb within layouts/application (Duration: 0.8ms | Allocations: 133)
[Webpacker] Everything's up-to-date. Nothing to do
  Rendered layout layouts/application.html.erb (Duration: 23.7ms | Allocations: 3829)
Completed 200 OK in 30ms (Views: 28.0ms | ActiveRecord: 0.0ms | Allocations: 4910)


Started GET "/say/hello" for ::1 at 2021-10-02 18:25:21 -0600
Processing by SayController#hello as HTML
  Rendering layout layouts/application.html.erb
  Rendering say/hello.html.erb within layouts/application
  Rendered say/hello.html.erb within layouts/application (Duration: 0.1ms | Allocations: 43)
[Webpacker] Everything's up-to-date. Nothing to do
  Rendered layout layouts/application.html.erb (Duration: 7.1ms | Allocations: 3569)
Completed 200 OK in 9ms (Views: 7.7ms | ActiveRecord: 0.0ms | Allocations: 3950)


Started GET "/say/hello" for ::1 at 2021-10-02 18:25:22 -0600
Processing by SayController#hello as HTML
  Rendering layout layouts/application.html.erb
  Rendering say/hello.html.erb within layouts/application
  Rendered say/hello.html.erb within layouts/application (Duration: 0.1ms | Allocations: 43)
[Webpacker] Everything's up-to-date. Nothing to do
  Rendered layout layouts/application.html.erb (Duration: 7.4ms | Allocations: 3568)
Completed 200 OK in 9ms (Views: 7.9ms | ActiveRecord: 0.0ms | Allocations: 3947)


Started GET "/say/hello" for ::1 at 2021-10-02 18:25:22 -0600
Processing by SayController#hello as HTML
  Rendering layout layouts/application.html.erb
  Rendering say/hello.html.erb within layouts/application
  Rendered say/hello.html.erb within layouts/application (Duration: 0.3ms | Allocations: 43)
[Webpacker] Everything's up-to-date. Nothing to do
  Rendered layout layouts/application.html.erb (Duration: 9.9ms | Allocations: 3566)
Completed 200 OK in 30ms (Views: 29.4ms | ActiveRecord: 0.0ms | Allocations: 3941)


Started GET "/say/hello" for ::1 at 2021-10-02 18:25:23 -0600
Processing by SayController#hello as HTML
  Rendering layout layouts/application.html.erb
  Rendering say/hello.html.erb within layouts/application
  Rendered say/hello.html.erb within layouts/application (Duration: 0.1ms | Allocations: 43)
[Webpacker] Everything's up-to-date. Nothing to do
  Rendered layout layouts/application.html.erb (Duration: 8.5ms | Allocations: 3566)
Completed 200 OK in 10ms (Views: 9.2ms | ActiveRecord: 0.0ms | Allocations: 3940)


Started GET "/say/hello" for ::1 at 2021-10-02 18:25:23 -0600
Processing by SayController#hello as HTML
  Rendering layout layouts/application.html.erb
  Rendering say/hello.html.erb within layouts/application
  Rendered say/hello.html.erb within layouts/application (Duration: 0.5ms | Allocations: 43)
[Webpacker] Everything's up-to-date. Nothing to do
  Rendered layout layouts/application.html.erb (Duration: 8.5ms | Allocations: 3577)
Completed 200 OK in 10ms (Views: 9.4ms | ActiveRecord: 0.0ms | Allocations: 3956)


Started GET "/say/hello" for ::1 at 2021-10-02 18:25:24 -0600
Processing by SayController#hello as HTML
  Rendering layout layouts/application.html.erb
  Rendering say/hello.html.erb within layouts/application
  Rendered say/hello.html.erb within layouts/application (Duration: 0.3ms | Allocations: 43)
[Webpacker] Everything's up-to-date. Nothing to do
  Rendered layout layouts/application.html.erb (Duration: 7.3ms | Allocations: 3568)
Completed 200 OK in 9ms (Views: 8.1ms | ActiveRecord: 0.0ms | Allocations: 3947)


Started GET "/say/hello" for ::1 at 2021-10-02 18:25:25 -0600
Processing by SayController#hello as HTML
  Rendering layout layouts/application.html.erb
  Rendering say/hello.html.erb within layouts/application
  Rendered say/hello.html.erb within layouts/application (Duration: 0.1ms | Allocations: 43)
[Webpacker] Everything's up-to-date. Nothing to do
  Rendered layout layouts/application.html.erb (Duration: 7.8ms | Allocations: 3566)
Completed 200 OK in 9ms (Views: 8.4ms | ActiveRecord: 0.0ms | Allocations: 3940)


Started GET "/say/hello" for ::1 at 2021-10-02 18:26:55 -0600
Processing by SayController#hello as HTML
  Rendering layout layouts/application.html.erb
  Rendering say/hello.html.erb within layouts/application
  Rendered say/hello.html.erb within layouts/application (Duration: 0.3ms | Allocations: 133)
[Webpacker] Everything's up-to-date. Nothing to do
  Rendered layout layouts/application.html.erb (Duration: 7.3ms | Allocations: 3844)
Completed 200 OK in 9ms (Views: 8.6ms | Allocations: 4940)


Started GET "/teachers" for ::1 at 2021-10-03 05:13:19 -0600
  [1m[35m (0.3ms)[0m  [1m[34mSELECT sqlite_version(*)[0m
  
ActionController::RoutingError (No route matches [GET] "/teachers"):
  
Started GET "/" for ::1 at 2021-10-03 05:13:21 -0600
Processing by Rails::WelcomeController#index as HTML
  Rendering /Users/dakotamiller/.gem/ruby/2.7.3/gems/railties-6.1.4.1/lib/rails/templates/rails/welcome/index.html.erb
  Rendered /Users/dakotamiller/.gem/ruby/2.7.3/gems/railties-6.1.4.1/lib/rails/templates/rails/welcome/index.html.erb (Duration: 4.6ms | Allocations: 219)
Completed 200 OK in 9ms (Views: 5.0ms | ActiveRecord: 0.0ms | Allocations: 1722)


Started GET "/say/hello" for ::1 at 2021-10-03 05:13:24 -0600
Processing by SayController#hello as HTML
  Rendering layout layouts/application.html.erb
  Rendering say/hello.html.erb within layouts/application
  Rendered say/hello.html.erb within layouts/application (Duration: 0.8ms | Allocations: 136)
[Webpacker] Everything's up-to-date. Nothing to do
  Rendered layout layouts/application.html.erb (Duration: 17.5ms | Allocations: 5735)
Completed 200 OK in 21ms (Views: 19.2ms | ActiveRecord: 0.0ms | Allocations: 6830)


Started GET "/say" for ::1 at 2021-10-03 05:13:28 -0600
  
ActionController::RoutingError (No route matches [GET] "/say"):
  
Started GET "/say/goodbye" for ::1 at 2021-10-03 05:13:32 -0600
Processing by SayController#goodbye as HTML
  Rendering layout layouts/application.html.erb
  Rendering say/goodbye.html.erb within layouts/application
  Rendered say/goodbye.html.erb within layouts/application (Duration: 0.5ms | Allocations: 109)
[Webpacker] Everything's up-to-date. Nothing to do
  Rendered layout layouts/application.html.erb (Duration: 8.4ms | Allocations: 3636)
Completed 200 OK in 12ms (Views: 9.7ms | ActiveRecord: 0.0ms | Allocations: 4138)


Started GET "/say/hello" for ::1 at 2021-10-03 05:15:12 -0600
Processing by SayController#hello as HTML
  Rendering layout layouts/application.html.erb
  Rendering say/hello.html.erb within layouts/application
  Rendered say/hello.html.erb within layouts/application (Duration: 1.0ms | Allocations: 197)
[Webpacker] Everything's up-to-date. Nothing to do
  Rendered layout layouts/application.html.erb (Duration: 11.5ms | Allocations: 3893)
Completed 200 OK in 16ms (Views: 14.2ms | ActiveRecord: 0.0ms | Allocations: 4978)


Started GET "/say/goodbye" for ::1 at 2021-10-03 05:18:24 -0600
Processing by SayController#goodbye as HTML
  Rendering layout layouts/application.html.erb
  Rendering say/goodbye.html.erb within layouts/application
  Rendered say/goodbye.html.erb within layouts/application (Duration: 0.5ms | Allocations: 165)
[Webpacker] Everything's up-to-date. Nothing to do
  Rendered layout layouts/application.html.erb (Duration: 6.5ms | Allocations: 3860)
Completed 200 OK in 10ms (Views: 8.4ms | ActiveRecord: 0.0ms | Allocations: 4944)


Started GET "/say/hello" for ::1 at 2021-10-03 05:18:26 -0600
Processing by SayController#hello as HTML
  Rendering layout layouts/application.html.erb
  Rendering say/hello.html.erb within layouts/application
  Rendered say/hello.html.erb within layouts/application (Duration: 0.6ms | Allocations: 183)
[Webpacker] Everything's up-to-date. Nothing to do
  Rendered layout layouts/application.html.erb (Duration: 6.6ms | Allocations: 3710)
Completed 200 OK in 8ms (Views: 7.1ms | ActiveRecord: 0.0ms | Allocations: 4223)


Started GET "/say/goodbye" for ::1 at 2021-10-03 05:18:27 -0600
Processing by SayController#goodbye as HTML
  Rendering layout layouts/application.html.erb
  Rendering say/goodbye.html.erb within layouts/application
  Rendered say/goodbye.html.erb within layouts/application (Duration: 0.2ms | Allocations: 66)
[Webpacker] Everything's up-to-date. Nothing to do
  Rendered layout layouts/application.html.erb (Duration: 8.1ms | Allocations: 3588)
Completed 200 OK in 9ms (Views: 8.6ms | ActiveRecord: 0.0ms | Allocations: 3966)


Started GET "/say/hello" for ::1 at 2021-10-03 05:18:27 -0600
Processing by SayController#hello as HTML
  Rendering layout layouts/application.html.erb
  Rendering say/hello.html.erb within layouts/application
  Rendered say/hello.html.erb within layouts/application (Duration: 0.3ms | Allocations: 69)
[Webpacker] Everything's up-to-date. Nothing to do
  Rendered layout layouts/application.html.erb (Duration: 16.1ms | Allocations: 3593)
Completed 200 OK in 18ms (Views: 17.0ms | ActiveRecord: 0.0ms | Allocations: 3979)


Started GET "/say/goodbye" for ::1 at 2021-10-03 05:18:28 -0600
Processing by SayController#goodbye as HTML
  Rendering layout layouts/application.html.erb
  Rendering say/goodbye.html.erb within layouts/application
  Rendered say/goodbye.html.erb within layouts/application (Duration: 0.2ms | Allocations: 65)
[Webpacker] Everything's up-to-date. Nothing to do
  Rendered layout layouts/application.html.erb (Duration: 7.8ms | Allocations: 3595)
Completed 200 OK in 9ms (Views: 8.4ms | ActiveRecord: 0.0ms | Allocations: 3972)


Started GET "/say/hello" for ::1 at 2021-10-03 05:18:28 -0600
Processing by SayController#hello as HTML
  Rendering layout layouts/application.html.erb
  Rendering say/hello.html.erb within layouts/application
  Rendered say/hello.html.erb within layouts/application (Duration: 0.2ms | Allocations: 69)
[Webpacker] Everything's up-to-date. Nothing to do
  Rendered layout layouts/application.html.erb (Duration: 5.7ms | Allocations: 3591)
Completed 200 OK in 7ms (Views: 6.2ms | ActiveRecord: 0.0ms | Allocations: 3971)


Started GET "/say/goodbye" for ::1 at 2021-10-03 05:19:08 -0600
Processing by SayController#goodbye as HTML
  Rendering layout layouts/application.html.erb
  Rendering say/goodbye.html.erb within layouts/application
  Rendered say/goodbye.html.erb within layouts/application (Duration: 0.1ms | Allocations: 72)
[Webpacker] Everything's up-to-date. Nothing to do
  Rendered layout layouts/application.html.erb (Duration: 3.5ms | Allocations: 3576)
Completed 200 OK in 4ms (Views: 3.9ms | Allocations: 4072)


Started GET "/say/hello" for ::1 at 2021-10-03 05:19:09 -0600
Processing by SayController#hello as HTML
Completed 500 Internal Server Error in 2ms (Allocations: 1514)


  
NoMethodError (undefined method `know' for Time:Class
Did you mean?  now):
  
app/controllers/say_controller.rb:3:in `hello'
Started GET "/say/hello" for ::1 at 2021-10-03 05:23:38 -0600
Processing by SayController#hello as HTML
  Rendering layout layouts/application.html.erb
  Rendering say/hello.html.erb within layouts/application
  Rendered say/hello.html.erb within layouts/application (Duration: 0.5ms | Allocations: 268)
[Webpacker] Everything's up-to-date. Nothing to do
  Rendered layout layouts/application.html.erb (Duration: 4.9ms | Allocations: 3952)
Completed 200 OK in 7ms (Views: 6.3ms | Allocations: 5048)


Started GET "/say/hello" for ::1 at 2021-10-03 05:24:37 -0600
Processing by SayController#hello as HTML
  Rendering layout layouts/application.html.erb
  Rendering say/hello.html.erb within layouts/application
  Rendered say/hello.html.erb within layouts/application (Duration: 1.5ms | Allocations: 258)
[Webpacker] Everything's up-to-date. Nothing to do
  Rendered layout layouts/application.html.erb (Duration: 10.8ms | Allocations: 3953)
Completed 200 OK in 16ms (Views: 14.1ms | Allocations: 5037)


Started GET "/say/hello" for ::1 at 2021-10-03 05:25:14 -0600
Processing by SayController#hello as HTML
  Rendering layout layouts/application.html.erb
  Rendering say/hello.html.erb within layouts/application
  Rendered say/hello.html.erb within layouts/application (Duration: 1.3ms | Allocations: 256)
[Webpacker] Everything's up-to-date. Nothing to do
  Rendered layout layouts/application.html.erb (Duration: 9.9ms | Allocations: 3954)
Completed 200 OK in 15ms (Views: 13.2ms | Allocations: 5038)


Started GET "/say/hello" for ::1 at 2021-10-03 05:25:27 -0600
Processing by SayController#hello as HTML
  Rendering layout layouts/application.html.erb
  Rendering say/hello.html.erb within layouts/application
  Rendered say/hello.html.erb within layouts/application (Duration: 1.0ms | Allocations: 255)
[Webpacker] Everything's up-to-date. Nothing to do
  Rendered layout layouts/application.html.erb (Duration: 13.8ms | Allocations: 3955)
Completed 200 OK in 18ms (Views: 16.3ms | Allocations: 5040)


Started GET "/say/hello" for ::1 at 2021-10-03 05:26:04 -0600
Processing by SayController#hello as HTML
  Rendering layout layouts/application.html.erb
  Rendering say/hello.html.erb within layouts/application
  Rendered say/hello.html.erb within layouts/application (Duration: 1.3ms | Allocations: 262)
[Webpacker] Everything's up-to-date. Nothing to do
  Rendered layout layouts/application.html.erb (Duration: 10.0ms | Allocations: 3960)
Completed 200 OK in 15ms (Views: 13.0ms | Allocations: 5050)


Started GET "/say/hello" for ::1 at 2021-10-03 05:26:11 -0600
Processing by SayController#hello as HTML
  Rendering layout layouts/application.html.erb
  Rendering say/hello.html.erb within layouts/application
  Rendered say/hello.html.erb within layouts/application (Duration: 0.4ms | Allocations: 94)
[Webpacker] Everything's up-to-date. Nothing to do
  Rendered layout layouts/application.html.erb (Duration: 7.8ms | Allocations: 3616)
Completed 200 OK in 9ms (Views: 8.5ms | Allocations: 3994)


Started GET "/say/hello" for ::1 at 2021-10-03 05:27:03 -0600
Processing by SayController#hello as HTML
  Rendering layout layouts/application.html.erb
  Rendering say/hello.html.erb within layouts/application
  Rendered say/hello.html.erb within layouts/application (Duration: 1.2ms | Allocations: 257)
[Webpacker] Everything's up-to-date. Nothing to do
  Rendered layout layouts/application.html.erb (Duration: 10.0ms | Allocations: 3952)
Completed 200 OK in 14ms (Views: 12.6ms | Allocations: 5036)


Started GET "/say/hello" for ::1 at 2021-10-03 05:27:07 -0600
Processing by SayController#hello as HTML
  Rendering layout layouts/application.html.erb
  Rendering say/hello.html.erb within layouts/application
  Rendered say/hello.html.erb within layouts/application (Duration: 0.7ms | Allocations: 94)
[Webpacker] Everything's up-to-date. Nothing to do
  Rendered layout layouts/application.html.erb (Duration: 10.1ms | Allocations: 3626)
Completed 200 OK in 12ms (Views: 11.1ms | Allocations: 4004)


  [1m[35m (0.3ms)[0m  [1m[34mSELECT sqlite_version(*)[0m
